This file contains any messages produced by compilers while
running configure, to aid debugging if configure makes a mistake.

It was created by osmo-hlr configure UNKNOWN, which was
generated by GNU Autoconf 2.71.  Invocation command line was

  $ ./configure

## --------- ##
## Platform. ##
## --------- ##

hostname = msc
uname -m = x86_64
uname -r = 5.15.0-163-generic
uname -s = Linux
uname -v = #173-Ubuntu SMP Tue Oct 14 17:51:00 UTC 2025

/usr/bin/uname -p = x86_64
/bin/uname -X     = unknown

/bin/arch              = x86_64
/usr/bin/arch -k       = unknown
/usr/convex/getsysinfo = unknown
/usr/bin/hostinfo      = unknown
/bin/machine           = unknown
/usr/bin/oslevel       = unknown
/bin/universe          = unknown

PATH: /usr/local/sbin/
PATH: /usr/local/bin/
PATH: /usr/sbin/
PATH: /usr/bin/
PATH: /sbin/
PATH: /bin/
PATH: /usr/games/
PATH: /usr/local/games/
PATH: /snap/bin/


## ----------- ##
## Core tests. ##
## ----------- ##

configure:2480: looking for aux files: missing install-sh compile config.guess config.sub ltmain.sh
configure:2493:  trying ././
configure:2522:   ././missing found
configure:2504:   ././install-sh found
configure:2522:   ././compile found
configure:2522:   ././config.guess found
configure:2522:   ././config.sub found
configure:2522:   ././ltmain.sh found
configure:2670: checking build system type
configure:2685: result: x86_64-pc-linux-gnu
configure:2705: checking host system type
configure:2719: result: x86_64-pc-linux-gnu
configure:2760: checking how to print strings
configure:2787: result: printf
configure:2873: checking for gcc
configure:2894: found /usr/bin/gcc
configure:2905: result: gcc
configure:3258: checking for C compiler version
configure:3267: gcc --version >&5
gcc (Ubuntu 11.4.0-1ubuntu1~22.04.2) 11.4.0
Copyright (C) 2021 Free Software Foundation, Inc.
This is free software; see the source for copying conditions.  There is NO
warranty; not even for MERCHANTABILITY or FITNESS FOR A PARTICULAR PURPOSE.

configure:3278: $? = 0
configure:3267: gcc -v >&5
Using built-in specs.
COLLECT_GCC=gcc
COLLECT_LTO_WRAPPER=/usr/lib/gcc/x86_64-linux-gnu/11/lto-wrapper
OFFLOAD_TARGET_NAMES=nvptx-none:amdgcn-amdhsa
OFFLOAD_TARGET_DEFAULT=1
Target: x86_64-linux-gnu
Configured with: ../src/configure -v --with-pkgversion='Ubuntu 11.4.0-1ubuntu1~22.04.2' --with-bugurl=file:///usr/share/doc/gcc-11/README.Bugs --enable-languages=c,ada,c++,go,brig,d,fortran,objc,obj-c++,m2 --prefix=/usr --with-gcc-major-version-only --program-suffix=-11 --program-prefix=x86_64-linux-gnu- --enable-shared --enable-linker-build-id --libexecdir=/usr/lib --without-included-gettext --enable-threads=posix --libdir=/usr/lib --enable-nls --enable-bootstrap --enable-clocale=gnu --enable-libstdcxx-debug --enable-libstdcxx-time=yes --with-default-libstdcxx-abi=new --enable-gnu-unique-object --disable-vtable-verify --enable-plugin --enable-default-pie --with-system-zlib --enable-libphobos-checking=release --with-target-system-zlib=auto --enable-objc-gc=auto --enable-multiarch --disable-werror --enable-cet --with-arch-32=i686 --with-abi=m64 --with-multilib-list=m32,m64,mx32 --enable-multilib --with-tune=generic --enable-offload-targets=nvptx-none=/build/gcc-11-2Y5pKs/gcc-11-11.4.0/debian/tmp-nvptx/usr,amdgcn-amdhsa=/build/gcc-11-2Y5pKs/gcc-11-11.4.0/debian/tmp-gcn/usr --without-cuda-driver --enable-checking=release --build=x86_64-linux-gnu --host=x86_64-linux-gnu --target=x86_64-linux-gnu --with-build-config=bootstrap-lto-lean --enable-link-serialization=2
Thread model: posix
Supported LTO compression algorithms: zlib zstd
gcc version 11.4.0 (Ubuntu 11.4.0-1ubuntu1~22.04.2) 
... rest of stderr output deleted ...
configure:3278: $? = 0
configure:3267: gcc -V >&5
gcc: error: unrecognized command-line option '-V'
gcc: fatal error: no input files
compilation terminated.
configure:3278: $? = 1
configure:3267: gcc -qversion >&5
gcc: error: unrecognized command-line option '-qversion'; did you mean '--version'?
gcc: fatal error: no input files
compilation terminated.
configure:3278: $? = 1
configure:3267: gcc -version >&5
gcc: error: unrecognized command-line option '-version'
gcc: fatal error: no input files
compilation terminated.
configure:3278: $? = 1
configure:3298: checking whether the C compiler works
configure:3320: gcc    conftest.c  >&5
configure:3324: $? = 0
configure:3374: result: yes
configure:3377: checking for C compiler default output file name
configure:3379: result: a.out
configure:3385: checking for suffix of executables
configure:3392: gcc -o conftest    conftest.c  >&5
configure:3396: $? = 0
configure:3419: result: 
configure:3441: checking whether we are cross compiling
configure:3449: gcc -o conftest    conftest.c  >&5
configure:3453: $? = 0
configure:3460: ./conftest
configure:3464: $? = 0
configure:3479: result: no
configure:3484: checking for suffix of object files
configure:3507: gcc -c   conftest.c >&5
configure:3511: $? = 0
configure:3533: result: o
configure:3537: checking whether the compiler supports GNU C
configure:3557: gcc -c   conftest.c >&5
configure:3557: $? = 0
configure:3567: result: yes
configure:3578: checking whether gcc accepts -g
configure:3599: gcc -c -g  conftest.c >&5
configure:3599: $? = 0
configure:3643: result: yes
configure:3663: checking for gcc option to enable C11 features
configure:3678: gcc  -c -g -O2  conftest.c >&5
configure:3678: $? = 0
configure:3696: result: none needed
configure:3812: checking whether gcc understands -c and -o together
configure:3835: gcc -c conftest.c -o conftest2.o
configure:3838: $? = 0
configure:3835: gcc -c conftest.c -o conftest2.o
configure:3838: $? = 0
configure:3850: result: yes
configure:3867: checking for a sed that does not truncate output
configure:3937: result: /usr/bin/sed
configure:3955: checking for grep that handles long lines and -e
configure:4019: result: /usr/bin/grep
configure:4024: checking for egrep
configure:4092: result: /usr/bin/grep -E
configure:4097: checking for fgrep
configure:4165: result: /usr/bin/grep -F
configure:4201: checking for ld used by gcc
configure:4269: result: /usr/bin/ld
configure:4276: checking if the linker (/usr/bin/ld) is GNU ld
configure:4292: result: yes
configure:4304: checking for BSD- or MS-compatible name lister (nm)
configure:4359: result: /usr/bin/nm -B
configure:4499: checking the name lister (/usr/bin/nm -B) interface
configure:4507: gcc -c -g -O2  conftest.c >&5
configure:4510: /usr/bin/nm -B "conftest.o"
configure:4513: output
0000000000000000 B some_variable
configure:4520: result: BSD nm
configure:4523: checking whether ln -s works
configure:4527: result: yes
configure:4535: checking the maximum length of command line arguments
configure:4667: result: 1572864
configure:4715: checking how to convert x86_64-pc-linux-gnu file names to x86_64-pc-linux-gnu format
configure:4756: result: func_convert_file_noop
configure:4763: checking how to convert x86_64-pc-linux-gnu file names to toolchain format
configure:4784: result: func_convert_file_noop
configure:4791: checking for /usr/bin/ld option to reload object files
configure:4799: result: -r
configure:4878: checking for objdump
configure:4899: found /usr/bin/objdump
configure:4910: result: objdump
configure:4942: checking how to recognize dependent libraries
configure:5143: result: pass_all
configure:5233: checking for dlltool
configure:5268: result: no
configure:5298: checking how to associate runtime and link libraries
configure:5326: result: printf %s\n
configure:5392: checking for ar
configure:5413: found /usr/bin/ar
configure:5424: result: ar
configure:5461: checking for archiver @FILE support
configure:5479: gcc -c -g -O2  conftest.c >&5
configure:5479: $? = 0
configure:5483: ar cr libconftest.a @conftest.lst >&5
configure:5486: $? = 0
configure:5491: ar cr libconftest.a @conftest.lst >&5
ar: conftest.o: No such file or directory
configure:5494: $? = 1
configure:5506: result: @
configure:5569: checking for strip
configure:5590: found /usr/bin/strip
configure:5601: result: strip
configure:5678: checking for ranlib
configure:5699: found /usr/bin/ranlib
configure:5710: result: ranlib
configure:5787: checking for gawk
configure:5808: found /usr/bin/gawk
configure:5819: result: gawk
configure:5859: checking command to parse /usr/bin/nm -B output from gcc object
configure:6013: gcc -c -g -O2  conftest.c >&5
configure:6016: $? = 0
configure:6020: /usr/bin/nm -B conftest.o | sed -n -e 's/^.*[	 ]\([ABCDGIRSTW][ABCDGIRSTW]*\)[	 ][	 ]*\([_A-Za-z][_A-Za-z0-9]*\)$/\1 \2 \2/p' | sed '/ __gnu_lto/d' > conftest.nm
configure:6086: gcc -o conftest -g -O2   conftest.c conftstm.o >&5
configure:6089: $? = 0
configure:6127: result: ok
configure:6174: checking for sysroot
configure:6205: result: no
configure:6212: checking for a working dd
configure:6256: result: /usr/bin/dd
configure:6260: checking how to truncate binary pipes
configure:6276: result: /usr/bin/dd bs=4096 count=1
configure:6413: gcc -c -g -O2  conftest.c >&5
configure:6416: $? = 0
configure:6613: checking for mt
configure:6634: found /usr/bin/mt
configure:6645: result: mt
configure:6668: checking if mt is a manifest tool
configure:6675: mt '-?'
configure:6683: result: no
configure:7413: checking for stdio.h
configure:7413: gcc -c -g -O2  conftest.c >&5
configure:7413: $? = 0
configure:7413: result: yes
configure:7413: checking for stdlib.h
configure:7413: gcc -c -g -O2  conftest.c >&5
configure:7413: $? = 0
configure:7413: result: yes
configure:7413: checking for string.h
configure:7413: gcc -c -g -O2  conftest.c >&5
configure:7413: $? = 0
configure:7413: result: yes
configure:7413: checking for inttypes.h
configure:7413: gcc -c -g -O2  conftest.c >&5
configure:7413: $? = 0
configure:7413: result: yes
configure:7413: checking for stdint.h
configure:7413: gcc -c -g -O2  conftest.c >&5
configure:7413: $? = 0
configure:7413: result: yes
configure:7413: checking for strings.h
configure:7413: gcc -c -g -O2  conftest.c >&5
configure:7413: $? = 0
configure:7413: result: yes
configure:7413: checking for sys/stat.h
configure:7413: gcc -c -g -O2  conftest.c >&5
configure:7413: $? = 0
configure:7413: result: yes
configure:7413: checking for sys/types.h
configure:7413: gcc -c -g -O2  conftest.c >&5
configure:7413: $? = 0
configure:7413: result: yes
configure:7413: checking for unistd.h
configure:7413: gcc -c -g -O2  conftest.c >&5
configure:7413: $? = 0
configure:7413: result: yes
configure:7438: checking for dlfcn.h
configure:7438: gcc -c -g -O2  conftest.c >&5
configure:7438: $? = 0
configure:7438: result: yes
configure:7697: checking for objdir
configure:7713: result: .libs
configure:7977: checking if gcc supports -fno-rtti -fno-exceptions
configure:7996: gcc -c -g -O2  -fno-rtti -fno-exceptions conftest.c >&5
cc1: warning: command-line option '-fno-rtti' is valid for C++/D/ObjC++ but not for C
configure:8000: $? = 0
configure:8013: result: no
configure:8377: checking for gcc option to produce PIC
configure:8385: result: -fPIC -DPIC
configure:8393: checking if gcc PIC flag -fPIC -DPIC works
configure:8412: gcc -c -g -O2  -fPIC -DPIC -DPIC conftest.c >&5
configure:8416: $? = 0
configure:8429: result: yes
configure:8458: checking if gcc static flag -static works
configure:8487: result: yes
configure:8502: checking if gcc supports -c -o file.o
configure:8524: gcc -c -g -O2  -o out/conftest2.o conftest.c >&5
configure:8528: $? = 0
configure:8550: result: yes
configure:8558: checking if gcc supports -c -o file.o
configure:8606: result: yes
configure:8639: checking whether the gcc linker (/usr/bin/ld -m elf_x86_64) supports shared libraries
configure:9909: result: yes
configure:9946: checking whether -lc should be explicitly linked in
configure:9955: gcc -c -g -O2  conftest.c >&5
configure:9958: $? = 0
configure:9973: gcc -shared  -fPIC -DPIC conftest.o  -v -Wl,-soname -Wl,conftest -o conftest 2\>\&1 \| /usr/bin/grep  -lc  \>/dev/null 2\>\&1
configure:9976: $? = 0
configure:9990: result: no
configure:10150: checking dynamic linker characteristics
configure:10732: gcc -o conftest -g -O2   -Wl,-rpath -Wl,/foo conftest.c  >&5
configure:10732: $? = 0
configure:10983: result: GNU/Linux ld.so
configure:11105: checking how to hardcode library paths into programs
configure:11130: result: immediate
configure:11682: checking whether stripping libraries is possible
configure:11687: result: yes
configure:11722: checking if libtool supports shared libraries
configure:11724: result: yes
configure:11727: checking whether to build shared libraries
configure:11752: result: yes
configure:11755: checking whether to build static libraries
configure:11759: result: yes
configure:11814: checking for a BSD-compatible install
configure:11887: result: /usr/bin/install -c
configure:11898: checking whether build environment is sane
configure:11953: result: yes
configure:12108: checking for a race-free mkdir -p
configure:12152: result: /usr/bin/mkdir -p
configure:12155: checking whether make sets $(MAKE)
configure:12178: result: yes
configure:12200: checking whether make supports the include directive
configure:12215: make -f confmf.GNU && cat confinc.out
this is the am__doit target
configure:12218: $? = 0
configure:12237: result: yes (GNU style)
configure:12272: checking whether make supports nested variables
configure:12290: result: yes
configure:12371: checking dependency style of gcc
configure:12483: result: gcc3
configure:12573: checking whether make supports nested variables
configure:12591: result: yes
configure:12606: checking whether make sets $(MAKE)
configure:12629: result: yes
configure:12692: checking for gcc
configure:12724: result: gcc
configure:13077: checking for C compiler version
configure:13086: gcc --version >&5
gcc (Ubuntu 11.4.0-1ubuntu1~22.04.2) 11.4.0
Copyright (C) 2021 Free Software Foundation, Inc.
This is free software; see the source for copying conditions.  There is NO
warranty; not even for MERCHANTABILITY or FITNESS FOR A PARTICULAR PURPOSE.

configure:13097: $? = 0
configure:13086: gcc -v >&5
Using built-in specs.
COLLECT_GCC=gcc
COLLECT_LTO_WRAPPER=/usr/lib/gcc/x86_64-linux-gnu/11/lto-wrapper
OFFLOAD_TARGET_NAMES=nvptx-none:amdgcn-amdhsa
OFFLOAD_TARGET_DEFAULT=1
Target: x86_64-linux-gnu
Configured with: ../src/configure -v --with-pkgversion='Ubuntu 11.4.0-1ubuntu1~22.04.2' --with-bugurl=file:///usr/share/doc/gcc-11/README.Bugs --enable-languages=c,ada,c++,go,brig,d,fortran,objc,obj-c++,m2 --prefix=/usr --with-gcc-major-version-only --program-suffix=-11 --program-prefix=x86_64-linux-gnu- --enable-shared --enable-linker-build-id --libexecdir=/usr/lib --without-included-gettext --enable-threads=posix --libdir=/usr/lib --enable-nls --enable-bootstrap --enable-clocale=gnu --enable-libstdcxx-debug --enable-libstdcxx-time=yes --with-default-libstdcxx-abi=new --enable-gnu-unique-object --disable-vtable-verify --enable-plugin --enable-default-pie --with-system-zlib --enable-libphobos-checking=release --with-target-system-zlib=auto --enable-objc-gc=auto --enable-multiarch --disable-werror --enable-cet --with-arch-32=i686 --with-abi=m64 --with-multilib-list=m32,m64,mx32 --enable-multilib --with-tune=generic --enable-offload-targets=nvptx-none=/build/gcc-11-2Y5pKs/gcc-11-11.4.0/debian/tmp-nvptx/usr,amdgcn-amdhsa=/build/gcc-11-2Y5pKs/gcc-11-11.4.0/debian/tmp-gcn/usr --without-cuda-driver --enable-checking=release --build=x86_64-linux-gnu --host=x86_64-linux-gnu --target=x86_64-linux-gnu --with-build-config=bootstrap-lto-lean --enable-link-serialization=2
Thread model: posix
Supported LTO compression algorithms: zlib zstd
gcc version 11.4.0 (Ubuntu 11.4.0-1ubuntu1~22.04.2) 
... rest of stderr output deleted ...
configure:13097: $? = 0
configure:13086: gcc -V >&5
gcc: error: unrecognized command-line option '-V'
gcc: fatal error: no input files
compilation terminated.
configure:13097: $? = 1
configure:13086: gcc -qversion >&5
gcc: error: unrecognized command-line option '-qversion'; did you mean '--version'?
gcc: fatal error: no input files
compilation terminated.
configure:13097: $? = 1
configure:13086: gcc -version >&5
gcc: error: unrecognized command-line option '-version'
gcc: fatal error: no input files
compilation terminated.
configure:13097: $? = 1
configure:13101: checking whether the compiler supports GNU C
configure:13131: result: yes
configure:13142: checking whether gcc accepts -g
configure:13207: result: yes
configure:13227: checking for gcc option to enable C11 features
configure:13260: result: none needed
configure:13376: checking whether gcc understands -c and -o together
configure:13414: result: yes
configure:13447: checking for pkg-config
configure:13470: found /usr/bin/pkg-config
configure:13483: result: /usr/bin/pkg-config
configure:13554: checking for pkg-config
configure:13577: found /usr/bin/pkg-config
configure:13589: result: /usr/bin/pkg-config
configure:13614: checking pkg-config is at least version 0.20
configure:13617: result: yes
configure:13628: checking for talloc >= 2.0.1
configure:13635: $PKG_CONFIG --exists --print-errors "talloc >= 2.0.1"
configure:13638: $? = 0
configure:13652: $PKG_CONFIG --exists --print-errors "talloc >= 2.0.1"
configure:13655: $? = 0
configure:13713: result: yes
configure:13720: checking for libosmocore >= 1.11.0
configure:13727: $PKG_CONFIG --exists --print-errors "libosmocore >= 1.11.0"
configure:13730: $? = 0
configure:13744: $PKG_CONFIG --exists --print-errors "libosmocore >= 1.11.0"
configure:13747: $? = 0
configure:13805: result: yes
configure:13811: checking for libosmogsm >= 1.11.0
configure:13818: $PKG_CONFIG --exists --print-errors "libosmogsm >= 1.11.0"
configure:13821: $? = 0
configure:13835: $PKG_CONFIG --exists --print-errors "libosmogsm >= 1.11.0"
configure:13838: $? = 0
configure:13896: result: yes
configure:13902: checking for libosmovty >= 1.11.0
configure:13909: $PKG_CONFIG --exists --print-errors "libosmovty >= 1.11.0"
configure:13912: $? = 0
configure:13926: $PKG_CONFIG --exists --print-errors "libosmovty >= 1.11.0"
configure:13929: $? = 0
configure:13987: result: yes
configure:13993: checking for libosmoctrl >= 1.11.0
configure:14000: $PKG_CONFIG --exists --print-errors "libosmoctrl >= 1.11.0"
configure:14003: $? = 0
configure:14017: $PKG_CONFIG --exists --print-errors "libosmoctrl >= 1.11.0"
configure:14020: $? = 0
configure:14078: result: yes
configure:14084: checking for libosmoabis >= 2.0.0
configure:14091: $PKG_CONFIG --exists --print-errors "libosmoabis >= 2.0.0"
configure:14094: $? = 0
configure:14108: $PKG_CONFIG --exists --print-errors "libosmoabis >= 2.0.0"
configure:14111: $? = 0
configure:14169: result: yes
configure:14176: checking for sqlite3
configure:14183: $PKG_CONFIG --exists --print-errors "sqlite3"
configure:14186: $? = 0
configure:14200: $PKG_CONFIG --exists --print-errors "sqlite3"
configure:14203: $? = 0
configure:14261: result: yes
configure:14271: checking for egrep
configure:14339: result: /usr/bin/grep -E
configure:14467: checking whether to use talloc for SQLite3
configure:14469: result: no
configure:14906: checking whether to enable VTY/CTRL tests
configure:14908: result: no
configure:14928: checking whether to enable mslookup_client_mdns_test
configure:14930: result: no
configure:15031: result: CFLAGS="-g -O2 -std=gnu11"
configure:15033: result: CPPFLAGS=""
configure:15175: checking that generated files are newer than configure
configure:15181: result: done
configure:15224: creating ./config.status

## ---------------------- ##
## Running config.status. ##
## ---------------------- ##

This file was extended by osmo-hlr config.status UNKNOWN, which was
generated by GNU Autoconf 2.71.  Invocation command line was

  CONFIG_FILES    = 
  CONFIG_HEADERS  = 
  CONFIG_LINKS    = 
  CONFIG_COMMANDS = 
  $ ./config.status 

on msc

config.status:1069: creating Makefile
config.status:1069: creating doc/Makefile
config.status:1069: creating doc/examples/Makefile
config.status:1069: creating src/Makefile
config.status:1069: creating src/gsupclient/Makefile
config.status:1069: creating src/mslookup/Makefile
config.status:1069: creating include/Makefile
config.status:1069: creating include/osmocom/Makefile
config.status:1069: creating include/osmocom/hlr/Makefile
config.status:1069: creating include/osmocom/mslookup/Makefile
config.status:1069: creating libosmo-gsup-client.pc
config.status:1069: creating libosmo-mslookup.pc
config.status:1069: creating sql/Makefile
config.status:1069: creating doc/manuals/Makefile
config.status:1069: creating contrib/Makefile
config.status:1069: creating contrib/systemd/Makefile
config.status:1069: creating contrib/dgsm/Makefile
config.status:1069: creating tests/Makefile
config.status:1069: creating tests/auc/Makefile
config.status:1069: creating tests/auc/gen_ts_55_205_test_sets/Makefile
config.status:1069: creating tests/gsup/Makefile
config.status:1069: creating tests/db/Makefile
config.status:1069: creating tests/db_upgrade/Makefile
config.status:1069: creating tests/mslookup/Makefile
config.status:1241: executing libtool commands
config.status:1241: executing depfiles commands
config.status:1861: cd src       && sed -e '/# am--include-marker/d' Makefile         | make -f - am--depfiles
config.status:1866: $? = 0
config.status:1861: cd src/gsupclient       && sed -e '/# am--include-marker/d' Makefile         | make -f - am--depfiles
config.status:1866: $? = 0
config.status:1861: cd src/mslookup       && sed -e '/# am--include-marker/d' Makefile         | make -f - am--depfiles
config.status:1866: $? = 0
config.status:1861: cd tests/auc       && sed -e '/# am--include-marker/d' Makefile         | make -f - am--depfiles
config.status:1866: $? = 0
config.status:1861: cd tests/gsup       && sed -e '/# am--include-marker/d' Makefile         | make -f - am--depfiles
config.status:1866: $? = 0
config.status:1861: cd tests/db       && sed -e '/# am--include-marker/d' Makefile         | make -f - am--depfiles
config.status:1866: $? = 0
config.status:1861: cd tests/mslookup       && sed -e '/# am--include-marker/d' Makefile         | make -f - am--depfiles
config.status:1866: $? = 0
config.status:1241: executing tests/atconfig commands

## ---------------- ##
## Cache variables. ##
## ---------------- ##

ac_cv_build=x86_64-pc-linux-gnu
ac_cv_c_compiler_gnu=yes
ac_cv_env_CC_set=
ac_cv_env_CC_value=
ac_cv_env_CFLAGS_set=
ac_cv_env_CFLAGS_value=
ac_cv_env_CPPFLAGS_set=
ac_cv_env_CPPFLAGS_value=
ac_cv_env_LDFLAGS_set=
ac_cv_env_LDFLAGS_value=
ac_cv_env_LIBOSMOABIS_CFLAGS_set=
ac_cv_env_LIBOSMOABIS_CFLAGS_value=
ac_cv_env_LIBOSMOABIS_LIBS_set=
ac_cv_env_LIBOSMOABIS_LIBS_value=
ac_cv_env_LIBOSMOCORE_CFLAGS_set=
ac_cv_env_LIBOSMOCORE_CFLAGS_value=
ac_cv_env_LIBOSMOCORE_LIBS_set=
ac_cv_env_LIBOSMOCORE_LIBS_value=
ac_cv_env_LIBOSMOCTRL_CFLAGS_set=
ac_cv_env_LIBOSMOCTRL_CFLAGS_value=
ac_cv_env_LIBOSMOCTRL_LIBS_set=
ac_cv_env_LIBOSMOCTRL_LIBS_value=
ac_cv_env_LIBOSMOGSM_CFLAGS_set=
ac_cv_env_LIBOSMOGSM_CFLAGS_value=
ac_cv_env_LIBOSMOGSM_LIBS_set=
ac_cv_env_LIBOSMOGSM_LIBS_value=
ac_cv_env_LIBOSMOVTY_CFLAGS_set=
ac_cv_env_LIBOSMOVTY_CFLAGS_value=
ac_cv_env_LIBOSMOVTY_LIBS_set=
ac_cv_env_LIBOSMOVTY_LIBS_value=
ac_cv_env_LIBS_set=
ac_cv_env_LIBS_value=
ac_cv_env_LT_SYS_LIBRARY_PATH_set=
ac_cv_env_LT_SYS_LIBRARY_PATH_value=
ac_cv_env_OSMO_GSM_MANUALS_DIR_set=
ac_cv_env_OSMO_GSM_MANUALS_DIR_value=
ac_cv_env_PKG_CONFIG_LIBDIR_set=
ac_cv_env_PKG_CONFIG_LIBDIR_value=
ac_cv_env_PKG_CONFIG_PATH_set=
ac_cv_env_PKG_CONFIG_PATH_value=
ac_cv_env_PKG_CONFIG_set=
ac_cv_env_PKG_CONFIG_value=
ac_cv_env_PYTHON_set=
ac_cv_env_PYTHON_value=
ac_cv_env_SQLITE3_CFLAGS_set=
ac_cv_env_SQLITE3_CFLAGS_value=
ac_cv_env_SQLITE3_LIBS_set=
ac_cv_env_SQLITE3_LIBS_value=
ac_cv_env_TALLOC_CFLAGS_set=
ac_cv_env_TALLOC_CFLAGS_value=
ac_cv_env_TALLOC_LIBS_set=
ac_cv_env_TALLOC_LIBS_value=
ac_cv_env_build_alias_set=
ac_cv_env_build_alias_value=
ac_cv_env_host_alias_set=
ac_cv_env_host_alias_value=
ac_cv_env_target_alias_set=
ac_cv_env_target_alias_value=
ac_cv_header_dlfcn_h=yes
ac_cv_header_inttypes_h=yes
ac_cv_header_stdint_h=yes
ac_cv_header_stdio_h=yes
ac_cv_header_stdlib_h=yes
ac_cv_header_string_h=yes
ac_cv_header_strings_h=yes
ac_cv_header_sys_stat_h=yes
ac_cv_header_sys_types_h=yes
ac_cv_header_unistd_h=yes
ac_cv_host=x86_64-pc-linux-gnu
ac_cv_objext=o
ac_cv_path_EGREP='/usr/bin/grep -E'
ac_cv_path_FGREP='/usr/bin/grep -F'
ac_cv_path_GREP=/usr/bin/grep
ac_cv_path_PKG_CONFIG_INSTALLED=/usr/bin/pkg-config
ac_cv_path_SED=/usr/bin/sed
ac_cv_path_ac_pt_PKG_CONFIG=/usr/bin/pkg-config
ac_cv_path_install='/usr/bin/install -c'
ac_cv_path_lt_DD=/usr/bin/dd
ac_cv_path_mkdir=/usr/bin/mkdir
ac_cv_prog_AWK=gawk
ac_cv_prog_ac_ct_AR=ar
ac_cv_prog_ac_ct_CC=gcc
ac_cv_prog_ac_ct_MANIFEST_TOOL=mt
ac_cv_prog_ac_ct_OBJDUMP=objdump
ac_cv_prog_ac_ct_RANLIB=ranlib
ac_cv_prog_ac_ct_STRIP=strip
ac_cv_prog_cc_c11=
ac_cv_prog_cc_g=yes
ac_cv_prog_cc_stdc=
ac_cv_prog_make_make_set=yes
am_cv_CC_dependencies_compiler_type=gcc3
am_cv_make_support_nested_variables=yes
am_cv_prog_cc_c_o=yes
lt_cv_ar_at_file=@
lt_cv_archive_cmds_need_lc=no
lt_cv_deplibs_check_method=pass_all
lt_cv_file_magic_cmd='$MAGIC_CMD'
lt_cv_file_magic_test_file=
lt_cv_ld_reload_flag=-r
lt_cv_nm_interface='BSD nm'
lt_cv_objdir=.libs
lt_cv_path_LD=/usr/bin/ld
lt_cv_path_NM='/usr/bin/nm -B'
lt_cv_path_mainfest_tool=no
lt_cv_prog_compiler_c_o=yes
lt_cv_prog_compiler_pic='-fPIC -DPIC'
lt_cv_prog_compiler_pic_works=yes
lt_cv_prog_compiler_rtti_exceptions=no
lt_cv_prog_compiler_static_works=yes
lt_cv_prog_gnu_ld=yes
lt_cv_sharedlib_from_linklib_cmd='printf %s\n'
lt_cv_shlibpath_overrides_runpath=yes
lt_cv_sys_global_symbol_pipe='sed -n -e '\''s/^.*[	 ]\([ABCDGIRSTW][ABCDGIRSTW]*\)[	 ][	 ]*\([_A-Za-z][_A-Za-z0-9]*\)$/\1 \2 \2/p'\'' | sed '\''/ __gnu_lto/d'\'''
lt_cv_sys_global_symbol_to_c_name_address='sed -n -e '\''s/^: \(.*\) .*$/  {"\1", (void *) 0},/p'\'' -e '\''s/^[ABCDGIRSTW][ABCDGIRSTW]* .* \(.*\)$/  {"\1", (void *) \&\1},/p'\'''
lt_cv_sys_global_symbol_to_c_name_address_lib_prefix='sed -n -e '\''s/^: \(.*\) .*$/  {"\1", (void *) 0},/p'\'' -e '\''s/^[ABCDGIRSTW][ABCDGIRSTW]* .* \(lib.*\)$/  {"\1", (void *) \&\1},/p'\'' -e '\''s/^[ABCDGIRSTW][ABCDGIRSTW]* .* \(.*\)$/  {"lib\1", (void *) \&\1},/p'\'''
lt_cv_sys_global_symbol_to_cdecl='sed -n -e '\''s/^T .* \(.*\)$/extern int \1();/p'\'' -e '\''s/^[ABCDGIRSTW][ABCDGIRSTW]* .* \(.*\)$/extern char \1;/p'\'''
lt_cv_sys_global_symbol_to_import=
lt_cv_sys_max_cmd_len=1572864
lt_cv_to_host_file_cmd=func_convert_file_noop
lt_cv_to_tool_file_cmd=func_convert_file_noop
lt_cv_truncate_bin='/usr/bin/dd bs=4096 count=1'
pkg_cv_LIBOSMOABIS_CFLAGS='-pthread -I/usr/include/'
pkg_cv_LIBOSMOABIS_LIBS='-losmoabis -losmocore -ltalloc -lmnl'
pkg_cv_LIBOSMOCORE_CFLAGS='-pthread -I/usr/include/'
pkg_cv_LIBOSMOCORE_LIBS='-losmocore -ltalloc -lmnl'
pkg_cv_LIBOSMOCTRL_CFLAGS='-pthread -I/usr/include/'
pkg_cv_LIBOSMOCTRL_LIBS='-losmoctrl -losmogsm -losmoisdn -losmocore -ltalloc -lmnl'
pkg_cv_LIBOSMOGSM_CFLAGS='-pthread -I/usr/include/'
pkg_cv_LIBOSMOGSM_LIBS='-losmogsm -losmoisdn -losmocore -ltalloc -lmnl'
pkg_cv_LIBOSMOVTY_CFLAGS='-pthread -I/usr/include/'
pkg_cv_LIBOSMOVTY_LIBS='-losmovty -losmocore -ltalloc -lmnl'
pkg_cv_SQLITE3_CFLAGS=
pkg_cv_SQLITE3_LIBS=-lsqlite3
pkg_cv_TALLOC_CFLAGS=
pkg_cv_TALLOC_LIBS=-ltalloc

## ----------------- ##
## Output variables. ##
## ----------------- ##

ACLOCAL='${SHELL} '\''/home/shenminjie/old_code/osmo-hlr/missing'\'' aclocal-1.16'
AMDEPBACKSLASH='\'
AMDEP_FALSE='#'
AMDEP_TRUE=''
AMTAR='$${TAR-tar}'
AM_BACKSLASH='\'
AM_DEFAULT_V='$(AM_DEFAULT_VERBOSITY)'
AM_DEFAULT_VERBOSITY='0'
AM_V='$(V)'
AR='ar'
AUTOCONF='${SHELL} '\''/home/shenminjie/old_code/osmo-hlr/missing'\'' autoconf'
AUTOHEADER='${SHELL} '\''/home/shenminjie/old_code/osmo-hlr/missing'\'' autoheader'
AUTOMAKE='${SHELL} '\''/home/shenminjie/old_code/osmo-hlr/missing'\'' automake-1.16'
AWK='gawk'
BUILD_MANUALS_FALSE=''
BUILD_MANUALS_TRUE='#'
CC='gcc'
CCDEPMODE='depmode=gcc3'
CFLAGS='-g -O2 -std=gnu11'
CPPFLAGS=''
CSCOPE='cscope'
CTAGS='ctags'
CYGPATH_W='echo'
DB_SQLITE_DEBUG_FALSE=''
DB_SQLITE_DEBUG_TRUE='#'
DEFS='-DPACKAGE_NAME=\"osmo-hlr\" -DPACKAGE_TARNAME=\"osmo-hlr\" -DPACKAGE_VERSION=\"UNKNOWN\" -DPACKAGE_STRING=\"osmo-hlr\ UNKNOWN\" -DPACKAGE_BUGREPORT=\"openbsc@lists.osmocom.org\" -DPACKAGE_URL=\"\" -DHAVE_STDIO_H=1 -DHAVE_STDLIB_H=1 -DHAVE_STRING_H=1 -DHAVE_INTTYPES_H=1 -DHAVE_STDINT_H=1 -DHAVE_STRINGS_H=1 -DHAVE_SYS_STAT_H=1 -DHAVE_SYS_TYPES_H=1 -DHAVE_UNISTD_H=1 -DSTDC_HEADERS=1 -DHAVE_DLFCN_H=1 -DLT_OBJDIR=\".libs/\" -DPACKAGE=\"osmo-hlr\" -DVERSION=\"UNKNOWN\"'
DEPDIR='.deps'
DLLTOOL='false'
DSYMUTIL=''
DUMPBIN=''
ECHO_C=''
ECHO_N='-n'
ECHO_T=''
EGREP='/usr/bin/grep -E'
ENABLE_EXT_TESTS_FALSE=''
ENABLE_EXT_TESTS_TRUE='#'
ENABLE_MSLOOKUP_CLIENT_MDNS_TEST_FALSE=''
ENABLE_MSLOOKUP_CLIENT_MDNS_TEST_TRUE='#'
ETAGS='etags'
EXEEXT=''
FGREP='/usr/bin/grep -F'
GREP='/usr/bin/grep'
HAVE_SYSTEMD_FALSE='#'
HAVE_SYSTEMD_TRUE=''
INSTALL_DATA='${INSTALL} -m 644'
INSTALL_PROGRAM='${INSTALL}'
INSTALL_SCRIPT='${INSTALL}'
INSTALL_STRIP_PROGRAM='$(install_sh) -c -s'
LD='/usr/bin/ld -m elf_x86_64'
LDFLAGS=''
LIBOBJS=''
LIBOSMOABIS_CFLAGS='-pthread -I/usr/include/'
LIBOSMOABIS_LIBS='-losmoabis -losmocore -ltalloc -lmnl'
LIBOSMOCORE_CFLAGS='-pthread -I/usr/include/'
LIBOSMOCORE_LIBS='-losmocore -ltalloc -lmnl'
LIBOSMOCTRL_CFLAGS='-pthread -I/usr/include/'
LIBOSMOCTRL_LIBS='-losmoctrl -losmogsm -losmoisdn -losmocore -ltalloc -lmnl'
LIBOSMOGSM_CFLAGS='-pthread -I/usr/include/'
LIBOSMOGSM_LIBS='-losmogsm -losmoisdn -losmocore -ltalloc -lmnl'
LIBOSMOVTY_CFLAGS='-pthread -I/usr/include/'
LIBOSMOVTY_LIBS='-losmovty -losmocore -ltalloc -lmnl'
LIBS=''
LIBTOOL='$(SHELL) $(top_builddir)/libtool'
LIPO=''
LN_S='ln -s'
LTLIBOBJS=''
LT_SYS_LIBRARY_PATH=''
MAKEINFO='${SHELL} '\''/home/shenminjie/old_code/osmo-hlr/missing'\'' makeinfo'
MANIFEST_TOOL=':'
MKDIR_P='/usr/bin/mkdir -p'
NM='/usr/bin/nm -B'
NMEDIT=''
OBJDUMP='objdump'
OBJEXT='o'
OSMOTESTEXT_CHECK=''
OSMO_GSM_MANUALS_DIR=''
OTOOL64=''
OTOOL=''
PACKAGE='osmo-hlr'
PACKAGE_BUGREPORT='openbsc@lists.osmocom.org'
PACKAGE_NAME='osmo-hlr'
PACKAGE_STRING='osmo-hlr UNKNOWN'
PACKAGE_TARNAME='osmo-hlr'
PACKAGE_URL=''
PACKAGE_VERSION='UNKNOWN'
PATH_SEPARATOR=':'
PKG_CONFIG='/usr/bin/pkg-config'
PKG_CONFIG_INSTALLED='/usr/bin/pkg-config'
PKG_CONFIG_LIBDIR=''
PKG_CONFIG_PATH=''
PYTHON=''
PYTHON_EXEC_PREFIX=''
PYTHON_PLATFORM=''
PYTHON_PREFIX=''
PYTHON_VERSION=''
RANLIB='ranlib'
RELMAKE='-include osmo-release.mk'
SED='/usr/bin/sed'
SET_MAKE=''
SHELL='/bin/bash'
SQLITE3_CFLAGS=''
SQLITE3_LIBS='-lsqlite3'
STRIP='strip'
TALLOC_CFLAGS=''
TALLOC_LIBS='-ltalloc'
VERSION='UNKNOWN'
ac_ct_AR='ar'
ac_ct_CC='gcc'
ac_ct_DUMPBIN=''
am__EXEEXT_FALSE=''
am__EXEEXT_TRUE='#'
am__fastdepCC_FALSE='#'
am__fastdepCC_TRUE=''
am__include='include'
am__isrc=''
am__leading_dot='.'
am__nodep='_no'
am__quote=''
am__tar='$${TAR-tar} chof - "$$tardir"'
am__untar='$${TAR-tar} xf -'
bindir='${exec_prefix}/bin'
build='x86_64-pc-linux-gnu'
build_alias=''
build_cpu='x86_64'
build_os='linux-gnu'
build_vendor='pc'
datadir='${datarootdir}'
datarootdir='${prefix}/share'
docdir='${datarootdir}/doc/${PACKAGE_TARNAME}'
dvidir='${docdir}'
exec_prefix='${prefix}'
host='x86_64-pc-linux-gnu'
host_alias=''
host_cpu='x86_64'
host_os='linux-gnu'
host_vendor='pc'
htmldir='${docdir}'
includedir='${prefix}/include'
infodir='${datarootdir}/info'
install_sh='${SHELL} /home/shenminjie/old_code/osmo-hlr/install-sh'
libdir='${exec_prefix}/lib'
libexecdir='${exec_prefix}/libexec'
localedir='${datarootdir}/locale'
localstatedir='${prefix}/var'
mandir='${datarootdir}/man'
mkdir_p='$(MKDIR_P)'
oldincludedir='/usr/include'
pdfdir='${docdir}'
pkgpyexecdir=''
pkgpythondir=''
prefix='/usr/local'
program_transform_name='s,x,x,'
psdir='${docdir}'
pyexecdir=''
pythondir=''
runstatedir='${localstatedir}/run'
sbindir='${exec_prefix}/sbin'
sharedstatedir='${prefix}/com'
sysconfdir='${prefix}/etc'
systemdsystemunitdir='/lib/systemd/system'
target_alias=''

## ----------- ##
## confdefs.h. ##
## ----------- ##

/* confdefs.h */
#define PACKAGE_NAME "osmo-hlr"
#define PACKAGE_TARNAME "osmo-hlr"
#define PACKAGE_VERSION "UNKNOWN"
#define PACKAGE_STRING "osmo-hlr UNKNOWN"
#define PACKAGE_BUGREPORT "openbsc@lists.osmocom.org"
#define PACKAGE_URL ""
#define HAVE_STDIO_H 1
#define HAVE_STDLIB_H 1
#define HAVE_STRING_H 1
#define HAVE_INTTYPES_H 1
#define HAVE_STDINT_H 1
#define HAVE_STRINGS_H 1
#define HAVE_SYS_STAT_H 1
#define HAVE_SYS_TYPES_H 1
#define HAVE_UNISTD_H 1
#define STDC_HEADERS 1
#define HAVE_DLFCN_H 1
#define LT_OBJDIR ".libs/"
#define PACKAGE "osmo-hlr"
#define VERSION "UNKNOWN"

configure: exit 0
